0 info it worked if it ends with ok
1 verbose cli [ 'C:\\Program Files\\nodejs\\node.exe',
1 verbose cli   'C:\\Users\\PLPIFAL1\\AppData\\Roaming\\npm\\node_modules\\npm\\bin\\npm-cli.js',
1 verbose cli   'run',
1 verbose cli   'test' ]
2 info using npm@3.10.10
3 info using node@v8.9.3
4 verbose run-script [ 'pretest', 'test', 'posttest' ]
5 info lifecycle wifi-analyzer@1.0.0~pretest: wifi-analyzer@1.0.0
6 silly lifecycle wifi-analyzer@1.0.0~pretest: no script for pretest, continuing
7 info lifecycle wifi-analyzer@1.0.0~test: wifi-analyzer@1.0.0
8 verbose lifecycle wifi-analyzer@1.0.0~test: unsafe-perm in lifecycle true
9 verbose lifecycle wifi-analyzer@1.0.0~test: PATH: C:\Users\PLPIFAL1\AppData\Roaming\npm\node_modules\npm\bin\node-gyp-bin;D:\moje\Wi-Fi-Analyzer-React-App\node_modules\.bin;C:\ProgramData\Oracle\Java\javapath;C:\Windows\system32;C:\Windows;C:\Windows\System32\Wbem;C:\Windows\System32\WindowsPowerShell\v1.0\;C:\Program Files (x86)\Lenovo\Access Connections\;C:\Program Files\Microsoft SQL Server\120\Tools\Binn\;C:\Program Files\Microsoft SQL Server\130\Tools\Binn\;C:\Program Files (x86)\Microsoft Team Foundation Server 2015 Power Tools\;C:\Program Files\CMake\bin;D:\Program Files\TortoiseSVN\bin;C:\Program Files (x86)\Microsoft SQL Server\100\Tools\Binn\;C:\Program Files (x86)\Microsoft SQL Server\100\DTS\Binn\;D:\sc\prog\exec;C:\Program Files (x86)\IBM\Lotus\Notes;C:\Program Files (x86)\Sennheiser\SoftphoneSDK\;C:\Windows\system32\config\systemprofile\.dnx\bin;C:\Program Files\Microsoft DNX\Dnvm\;C:\Windows\System32\WindowsPowerShell\v1.0\;D:\Android\sdk\platform-tools;D:\Android\sdk\platform-tools;C:\Program Files\Intel\WiFi\bin\;C:\Program Files\Common Files\Intel\WirelessCommon\;C:\Program Files\dotnet\;c:\sc\prog\exec;C:\Program Files (x86)\ABB\MicroSCADA Pro\pgsql\bin;C:\Windows\System32\WindowsPowerShell\v1.0\;C:\Program Files\Git\cmd;C:\Program Files\nodejs\;D:\Program Files\PuTTY\;C:\Program Files (x86)\GitExtensions\;D:\Program Files (x86)\LINQPad5;C:\sc\prog\graphicsEngine\system\misc;C:\Users\PLPIFAL1\AppData\Local\Programs\Python\Python35-32\Scripts\;C:\Users\PLPIFAL1\AppData\Local\Programs\Python\Python35-32\;C:\Program Files\Microsoft VS Code\bin;C:\Program Files\Microsoft VS Code Insiders\bin;C:\Users\PLPIFAL1\AppData\Roaming\npm
10 verbose lifecycle wifi-analyzer@1.0.0~test: CWD: D:\moje\Wi-Fi-Analyzer-React-App
11 silly lifecycle wifi-analyzer@1.0.0~test: Args: [ '/d /s /c', 'jest --coverage' ]
12 silly lifecycle wifi-analyzer@1.0.0~test: Returned: code: 1  signal: null
13 info lifecycle wifi-analyzer@1.0.0~test: Failed to exec test script
14 verbose stack Error: wifi-analyzer@1.0.0 test: `jest --coverage`
14 verbose stack Exit status 1
14 verbose stack     at EventEmitter.<anonymous> (C:\Users\PLPIFAL1\AppData\Roaming\npm\node_modules\npm\lib\utils\lifecycle.js:255:16)
14 verbose stack     at emitTwo (events.js:126:13)
14 verbose stack     at EventEmitter.emit (events.js:214:7)
14 verbose stack     at ChildProcess.<anonymous> (C:\Users\PLPIFAL1\AppData\Roaming\npm\node_modules\npm\lib\utils\spawn.js:40:14)
14 verbose stack     at emitTwo (events.js:126:13)
14 verbose stack     at ChildProcess.emit (events.js:214:7)
14 verbose stack     at maybeClose (internal/child_process.js:925:16)
14 verbose stack     at Process.ChildProcess._handle.onexit (internal/child_process.js:209:5)
15 verbose pkgid wifi-analyzer@1.0.0
16 verbose cwd D:\moje\Wi-Fi-Analyzer-React-App
17 error Windows_NT 6.1.7601
18 error argv "C:\\Program Files\\nodejs\\node.exe" "C:\\Users\\PLPIFAL1\\AppData\\Roaming\\npm\\node_modules\\npm\\bin\\npm-cli.js" "run" "test"
19 error node v8.9.3
20 error npm  v3.10.10
21 error code ELIFECYCLE
22 error wifi-analyzer@1.0.0 test: `jest --coverage`
22 error Exit status 1
23 error Failed at the wifi-analyzer@1.0.0 test script 'jest --coverage'.
23 error Make sure you have the latest version of node.js and npm installed.
23 error If you do, this is most likely a problem with the wifi-analyzer package,
23 error not with npm itself.
23 error Tell the author that this fails on your system:
23 error     jest --coverage
23 error You can get information on how to open an issue for this project with:
23 error     npm bugs wifi-analyzer
23 error Or if that isn't available, you can get their info via:
23 error     npm owner ls wifi-analyzer
23 error There is likely additional logging output above.
24 verbose exit [ 1, true ]
